Arguments: 
  G:\Nodejs\node.exe C:\Users\ichan\AppData\Roaming\npm\node_modules\yarn\bin\yarn.js add react-native-gesture-handler

PATH: 
  C:\Program Files (x86)\Common Files\Oracle\Java\javapath;C:\Program Files (x86)\Common Files\Intel\Shared Libraries\redist\intel64\compiler;C:\WINDOWS\system32;C:\WINDOWS;C:\WINDOWS\System32\Wbem;C:\WINDOWS\System32\WindowsPowerShell\v1.0\;C:\WINDOWS\System32\OpenSSH\;G:\Git\cmd;G:\MATLAB\R2019b\runtime\win64;G:\MATLAB\R2019b\bin;G:\MATLAB\R2018a\runtime\win64;G:\MATLAB\R2018a\bin;G:\Nodejs\;C:\Users\ichan\AppData\Local\Microsoft\WindowsApps;G:\Microsoft VS Code\bin;E:\VS code\UniServerZ\core\php71;C:\Users\ichan\AppData\Roaming\npm;C:\Users\ichan\AppData\Local\Android\Sdk\platform-tools;

Yarn version: 
  1.22.0

Node version: 
  10.16.3

Platform: 
  win32 x64

Trace: 
  Error: EPERM: operation not permitted, unlink 'E:\VS code\parkingdemowithfirebase\node_modules\@babel\helper-call-delegate\lib'

npm manifest: 
  {
    "main": "node_modules/expo/AppEntry.js",
    "scripts": {
      "start": "expo start",
      "android": "expo start --android",
      "ios": "expo start --ios",
      "web": "expo start --web",
      "eject": "expo eject"
    },
    "dependencies": {
      "@react-native-community/masked-view": "0.1.5",
      "@react-navigation/native": "^5.0.9",
      "@react-navigation/stack": "^5.1.1",
      "expo": "~36.0.0",
      "firebase": "^7.10.0",
      "react": "~16.9.0",
      "react-dom": "~16.9.0",
      "react-native": "https://github.com/expo/react-native/archive/sdk-36.0.0.tar.gz",
      "react-native-gesture-handler": "~1.5.0",
      "react-native-reanimated": "~1.4.0",
      "react-native-safe-area-context": "0.6.0",
      "react-native-screens": "2.0.0-alpha.12",
      "react-native-web": "~0.11.7"
    },
    "devDependencies": {
      "babel-preset-expo": "~8.0.0",
      "@babel/core": "^7.0.0"
    },
    "private": true
  }

yarn manifest: 
  No manifest

Lockfile: 
  No lockfile
